05-31-2018 @ 01:24:35 - 
====Stripe Version: 4.1.5====
====Start Log====
Keys are not set correctly.
====End Log====


05-31-2018 @ 01:45:27 - 
====Stripe Version: 4.1.5====
====Start Log====
Keys are not set correctly.
====End Log====


05-31-2018 @ 02:07:07 - 
====Stripe Version: 4.1.5====
====Start Log====
Keys are not set correctly.
====End Log====


05-31-2018 @ 02:11:57 - 
====Stripe Version: 4.1.5====
====Start Log====
Keys are not set correctly.
====End Log====


05-31-2018 @ 02:12:09 - 
====Stripe Version: 4.1.5====
====Start Log====
Keys are not set correctly.
====End Log====


05-31-2018 @ 02:12:12 - 
====Stripe Version: 4.1.5====
====Start Log====
Keys are not set correctly.
====End Log====


05-31-2018 @ 02:14:19 - 
====Stripe Version: 4.1.5====
====Start Log====
Keys are not set correctly.
====End Log====


05-31-2018 @ 02:14:31 - 
====Stripe Version: 4.1.5====
====Start Log====
Keys are not set correctly.
====End Log====


05-31-2018 @ 02:15:25 - 
====Stripe Version: 4.1.5====
====Start Log====
Keys are not set correctly.
====End Log====


05-31-2018 @ 02:16:59 - 
====Stripe Version: 4.1.5====
====Start Log====
Keys are not set correctly.
====End Log====


05-31-2018 @ 02:18:23 - 
====Stripe Version: 4.1.5====
====Start Log====
Keys are not set correctly.
====End Log====


05-31-2018 @ 02:18:31 - 
====Stripe Version: 4.1.5====
====Start Log====
Keys are not set correctly.
====End Log====


05-31-2018 @ 02:18:33 - 
====Stripe Version: 4.1.5====
====Start Log====
Keys are not set correctly.
====End Log====


05-31-2018 @ 02:18:38 - 
====Stripe Version: 4.1.5====
====Start Log====
Keys are not set correctly.
====End Log====


05-31-2018 @ 02:18:46 - 
====Stripe Version: 4.1.5====
====Start Log====
Keys are not set correctly.
====End Log====


05-31-2018 @ 02:18:55 - 
====Stripe Version: 4.1.5====
====Start Log====
Keys are not set correctly.
====End Log====


05-31-2018 @ 02:19:18 - 
====Stripe Version: 4.1.5====
====Start Log====
Keys are not set correctly.
====End Log====


05-31-2018 @ 02:20:41 - 
====Stripe Version: 4.1.5====
====Start Log====
Keys are not set correctly.
====End Log====


05-31-2018 @ 02:20:55 - 
====Stripe Version: 4.1.5====
====Start Log====
Keys are not set correctly.
====End Log====


05-31-2018 @ 02:20:57 - 
====Stripe Version: 4.1.5====
====Start Log====
Keys are not set correctly.
====End Log====


05-31-2018 @ 02:21:46 - 
====Stripe Version: 4.1.5====
====Start Log====
Keys are not set correctly.
====End Log====


05-31-2018 @ 02:21:48 - 
====Stripe Version: 4.1.5====
====Start Log====
Keys are not set correctly.
====End Log====


05-31-2018 @ 02:22:43 - 
====Stripe Version: 4.1.5====
====Start Log====
Keys are not set correctly.
====End Log====


05-31-2018 @ 02:23:42 - 
====Stripe Version: 4.1.5====
====Start Log====
Keys are not set correctly.
====End Log====


05-31-2018 @ 02:23:45 - 
====Stripe Version: 4.1.5====
====Start Log====
Keys are not set correctly.
====End Log====


05-31-2018 @ 02:24:21 - 
====Stripe Version: 4.1.5====
====Start Log====
Keys are not set correctly.
====End Log====


05-31-2018 @ 02:27:13 - 
====Stripe Version: 4.1.5====
====Start Log====
Keys are not set correctly.
====End Log====


05-31-2018 @ 02:29:07 - 
====Stripe Version: 4.1.5====
====Start Log====
Keys are not set correctly.
====End Log====


05-31-2018 @ 02:29:32 - 
====Stripe Version: 4.1.5====
====Start Log====
Keys are not set correctly.
====End Log====


05-31-2018 @ 02:36:38 - 
====Stripe Version: 4.1.5====
====Start Log====
Keys are not set correctly.
====End Log====


05-31-2018 @ 02:37:26 - 
====Stripe Version: 4.1.5====
====Start Log====
Keys are not set correctly.
====End Log====


05-31-2018 @ 02:38:46 - 
====Stripe Version: 4.1.5====
====Start Log====
Keys are not set correctly.
====End Log====


05-31-2018 @ 02:42:52 - 
====Stripe Version: 4.1.5====
====Start Log====
Keys are not set correctly.
====End Log====


05-31-2018 @ 11:13:07 - 
====Stripe Version: 4.1.5====
====Start Log====
Keys are not set correctly.
====End Log====


05-31-2018 @ 11:15:32 - 
====Stripe Version: 4.1.5====
====Start Log====
Keys are not set correctly.
====End Log====


05-31-2018 @ 11:15:42 - 
====Stripe Version: 4.1.5====
====Start Log====
Keys are not set correctly.
====End Log====


05-31-2018 @ 11:16:34 - 
====Stripe Version: 4.1.5====
====Start Log====
Keys are not set correctly.
====End Log====


05-31-2018 @ 20:12:00 - 
====Stripe Version: 4.1.5====
====Start Log====
Keys are not set correctly.
====End Log====


05-31-2018 @ 20:15:16 - 
====Stripe Version: 4.1.5====
====Start Log====
Keys are not set correctly.
====End Log====


05-31-2018 @ 20:15:29 - 
====Stripe Version: 4.1.5====
====Start Log====
Keys are not set correctly.
====End Log====


05-31-2018 @ 20:17:04 - 
====Stripe Version: 4.1.5====
====Start Log====
Keys are not set correctly.
====End Log====


